[00:59:09.709][INFO][CraftTweaker-EarlyInit]: CraftTweaker is running on a Minecraft 1.20.1 production server modded with platform Forge
[00:59:09.727][INFO][CraftTweaker-EarlyInit]: Successfully injected RecipeFS file system
[00:59:09.770][INFO][CraftTweaker-Plugins]: Successfully identified and loaded plugin crafttweaker:builtin
[00:59:09.771][INFO][CraftTweaker-Plugins]: Successfully identified and loaded plugin crafttweaker:builtin_forge
[00:59:09.778][INFO][CraftTweaker-Plugins]: Successfully identified and loaded plugin farmersdelight:crafttweaker_plugin
[00:59:10.515][INFO][CraftTweaker]: The following mods have explicit CraftTweaker support through the default plugin:
[00:59:10.516][INFO][CraftTweaker]: - 'aquaculture' at version '2.5.1'
[00:59:10.516][INFO][CraftTweaker]: - 'crafttweaker' at version '14.0.40'
[00:59:10.516][INFO][CraftTweaker]: - 'farmersdelight' at version '1.20.1-1.2.4'
[00:59:41.397][INFO][CraftTweaker-ZenCode]: Started loading scripts for loader 'initialize'
[00:59:42.189][INFO][CraftTweaker-ZenCode]: Compiling and executing scripts
[00:59:42.236][INFO][CraftTweaker-ZenCode]: Successfully initialized modules [crafttweaker, expansions]
[00:59:42.319][INFO][CraftTweaker-ZenCode]: Execution for loader 'initialize' completed successfully
[00:59:57.678][INFO][CraftTweaker-ZenCode]: Started loading scripts for loader 'tags'
[00:59:57.750][INFO][CraftTweaker-ZenCode]: Compiling and executing scripts
[00:59:57.771][INFO][CraftTweaker-ZenCode]: Successfully initialized modules [crafttweaker, expansions]
[00:59:57.785][INFO][CraftTweaker-ZenCode]: Execution for loader 'tags' completed successfully
[01:00:00.730][INFO][CraftTweaker]: crafttweaker.reload.start
[01:00:00.737][INFO][CraftTweaker-ZenCode]: Started loading scripts for loader 'crafttweaker'
[01:00:00.769][INFO][CraftTweaker-ZenCode]: Compiling and executing scripts
[01:00:01.533][INFO][CraftTweaker-ZenCode]: Successfully initialized modules [mods, crafttweaker, expansions]
[01:00:01.551][INFO][CraftTweaker-ZenCode]: Execution for loader 'crafttweaker' completed successfully
[01:00:01.553][INFO][CraftTweaker]: crafttweaker.reload.complete
